[0.428s] Invoking command in '/home/ayu/warehouse_robot_ws/src/warehouse_robot': PYTHONPATH=/home/ayu/warehouse_robot_ws/build/warehouse_robot/prefix_override:/usr/lib/python3/dist-packages/colcon_core/task/python/colcon_distutils_commands:/home/ayu/warehouse_robot_ws/install/warehouse_robot/lib/python3.10/site-packages:${PYTHONPATH} /usr/bin/python3 -W ignore:setup.py install is deprecated -W ignore:easy_install command is deprecated setup.py egg_info --egg-base ../../build/warehouse_robot build --build-base /home/ayu/warehouse_robot_ws/build/warehouse_robot/build install --record /home/ayu/warehouse_robot_ws/build/warehouse_robot/install.log --single-version-externally-managed install_data
[0.582s] running egg_info
[0.582s] writing ../../build/warehouse_robot/warehouse_robot.egg-info/PKG-INFO
[0.583s] writing dependency_links to ../../build/warehouse_robot/warehouse_robot.egg-info/dependency_links.txt
[0.583s] writing entry points to ../../build/warehouse_robot/warehouse_robot.egg-info/entry_points.txt
[0.583s] writing requirements to ../../build/warehouse_robot/warehouse_robot.egg-info/requires.txt
[0.583s] writing top-level names to ../../build/warehouse_robot/warehouse_robot.egg-info/top_level.txt
[0.584s] reading manifest file '../../build/warehouse_robot/warehouse_robot.egg-info/SOURCES.txt'
[0.584s] writing manifest file '../../build/warehouse_robot/warehouse_robot.egg-info/SOURCES.txt'
[0.584s] running build
[0.585s] running build_py
[0.585s] copying warehouse_robot/swarm_controller_node.py -> /home/ayu/warehouse_robot_ws/build/warehouse_robot/build/lib/warehouse_robot
[0.585s] running install
[0.585s] running install_lib
[0.585s] copying /home/ayu/warehouse_robot_ws/build/warehouse_robot/build/lib/warehouse_robot/swarm_controller_node.py -> /home/ayu/warehouse_robot_ws/install/warehouse_robot/lib/python3.10/site-packages/warehouse_robot
[0.586s] byte-compiling /home/ayu/warehouse_robot_ws/install/warehouse_robot/lib/python3.10/site-packages/warehouse_robot/swarm_controller_node.py to swarm_controller_node.cpython-310.pyc
[0.586s] running install_data
[0.586s]   File "/home/ayu/warehouse_robot_ws/install/warehouse_robot/lib/python3.10/site-packages/warehouse_robot/swarm_controller_node.py", line 1
[0.586s]     ```python
[0.586s]     ^
[0.586s] SyntaxError: invalid syntax
[0.586s] 
[0.586s] running install_egg_info
[0.587s] removing '/home/ayu/warehouse_robot_ws/install/warehouse_robot/lib/python3.10/site-packages/warehouse_robot-0.1.0-py3.10.egg-info' (and everything under it)
[0.587s] Copying ../../build/warehouse_robot/warehouse_robot.egg-info to /home/ayu/warehouse_robot_ws/install/warehouse_robot/lib/python3.10/site-packages/warehouse_robot-0.1.0-py3.10.egg-info
[0.587s] running install_scripts
[0.601s] Installing obstacle_avoidance_node script to /home/ayu/warehouse_robot_ws/install/warehouse_robot/lib/warehouse_robot
[0.601s] Installing swarm_controller_node script to /home/ayu/warehouse_robot_ws/install/warehouse_robot/lib/warehouse_robot
[0.601s] writing list of installed files to '/home/ayu/warehouse_robot_ws/build/warehouse_robot/install.log'
[0.619s] Invoked command in '/home/ayu/warehouse_robot_ws/src/warehouse_robot' returned '0': PYTHONPATH=/home/ayu/warehouse_robot_ws/build/warehouse_robot/prefix_override:/usr/lib/python3/dist-packages/colcon_core/task/python/colcon_distutils_commands:/home/ayu/warehouse_robot_ws/install/warehouse_robot/lib/python3.10/site-packages:${PYTHONPATH} /usr/bin/python3 -W ignore:setup.py install is deprecated -W ignore:easy_install command is deprecated setup.py egg_info --egg-base ../../build/warehouse_robot build --build-base /home/ayu/warehouse_robot_ws/build/warehouse_robot/build install --record /home/ayu/warehouse_robot_ws/build/warehouse_robot/install.log --single-version-externally-managed install_data
