[0.413s] Invoking command in '/home/ayu/warehouse_robot_ws/src/warehouse_robot': PYTHONPATH=/home/ayu/warehouse_robot_ws/build/warehouse_robot/prefix_override:/usr/lib/python3/dist-packages/colcon_core/task/python/colcon_distutils_commands:/home/ayu/warehouse_robot_ws/install/warehouse_robot/lib/python3.10/site-packages:${PYTHONPATH} /usr/bin/python3 -W ignore:setup.py install is deprecated -W ignore:easy_install command is deprecated setup.py egg_info --egg-base ../../build/warehouse_robot build --build-base /home/ayu/warehouse_robot_ws/build/warehouse_robot/build install --record /home/ayu/warehouse_robot_ws/build/warehouse_robot/install.log --single-version-externally-managed install_data
[0.570s] running egg_info
[0.570s] creating ../../build/warehouse_robot/warehouse_robot.egg-info
[0.570s] writing ../../build/warehouse_robot/warehouse_robot.egg-info/PKG-INFO
[0.570s] writing dependency_links to ../../build/warehouse_robot/warehouse_robot.egg-info/dependency_links.txt
[0.570s] writing entry points to ../../build/warehouse_robot/warehouse_robot.egg-info/entry_points.txt
[0.570s] writing requirements to ../../build/warehouse_robot/warehouse_robot.egg-info/requires.txt
[0.570s] writing top-level names to ../../build/warehouse_robot/warehouse_robot.egg-info/top_level.txt
[0.570s] writing manifest file '../../build/warehouse_robot/warehouse_robot.egg-info/SOURCES.txt'
[0.571s] reading manifest file '../../build/warehouse_robot/warehouse_robot.egg-info/SOURCES.txt'
[0.572s] writing manifest file '../../build/warehouse_robot/warehouse_robot.egg-info/SOURCES.txt'
[0.572s] running build
[0.572s] running build_py
[0.572s] creating /home/ayu/warehouse_robot_ws/build/warehouse_robot/build
[0.572s] creating /home/ayu/warehouse_robot_ws/build/warehouse_robot/build/lib
[0.572s] creating /home/ayu/warehouse_robot_ws/build/warehouse_robot/build/lib/warehouse_robot
[0.572s] copying warehouse_robot/warehouse_robot_node.py -> /home/ayu/warehouse_robot_ws/build/warehouse_robot/build/lib/warehouse_robot
[0.572s] copying warehouse_robot/__init__.py -> /home/ayu/warehouse_robot_ws/build/warehouse_robot/build/lib/warehouse_robot
[0.572s] copying warehouse_robot/obstacle_avoidance_node.py -> /home/ayu/warehouse_robot_ws/build/warehouse_robot/build/lib/warehouse_robot
[0.572s] running install
[0.572s] running install_lib
[0.573s] creating /home/ayu/warehouse_robot_ws/install/warehouse_robot/lib/python3.10/site-packages/warehouse_robot
[0.573s] copying /home/ayu/warehouse_robot_ws/build/warehouse_robot/build/lib/warehouse_robot/warehouse_robot_node.py -> /home/ayu/warehouse_robot_ws/install/warehouse_robot/lib/python3.10/site-packages/warehouse_robot
[0.573s] copying /home/ayu/warehouse_robot_ws/build/warehouse_robot/build/lib/warehouse_robot/__init__.py -> /home/ayu/warehouse_robot_ws/install/warehouse_robot/lib/python3.10/site-packages/warehouse_robot
[0.573s] copying /home/ayu/warehouse_robot_ws/build/warehouse_robot/build/lib/warehouse_robot/obstacle_avoidance_node.py -> /home/ayu/warehouse_robot_ws/install/warehouse_robot/lib/python3.10/site-packages/warehouse_robot
[0.573s] byte-compiling /home/ayu/warehouse_robot_ws/install/warehouse_robot/lib/python3.10/site-packages/warehouse_robot/warehouse_robot_node.py to warehouse_robot_node.cpython-310.pyc
[0.573s] byte-compiling /home/ayu/warehouse_robot_ws/install/warehouse_robot/lib/python3.10/site-packages/warehouse_robot/__init__.py to __init__.cpython-310.pyc
[0.573s] byte-compiling /home/ayu/warehouse_robot_ws/install/warehouse_robot/lib/python3.10/site-packages/warehouse_robot/obstacle_avoidance_node.py to obstacle_avoidance_node.cpython-310.pyc
[0.574s] running install_data
[0.574s] creating /home/ayu/warehouse_robot_ws/install/warehouse_robot/share/ament_index
[0.574s] creating /home/ayu/warehouse_robot_ws/install/warehouse_robot/share/ament_index/resource_index
[0.574s] creating /home/ayu/warehouse_robot_ws/install/warehouse_robot/share/ament_index/resource_index/packages
[0.574s] copying resource/warehouse_robot -> /home/ayu/warehouse_robot_ws/install/warehouse_robot/share/ament_index/resource_index/packages
[0.574s] copying package.xml -> /home/ayu/warehouse_robot_ws/install/warehouse_robot/share/warehouse_robot
[0.574s] creating /home/ayu/warehouse_robot_ws/install/warehouse_robot/share/warehouse_robot/launch
[0.574s] copying launch/warehouse_robot.launch.py -> /home/ayu/warehouse_robot_ws/install/warehouse_robot/share/warehouse_robot/launch
[0.575s] creating /home/ayu/warehouse_robot_ws/install/warehouse_robot/share/warehouse_robot/urdf
[0.575s] copying urdf/warehouse_robot.urdf.xacro -> /home/ayu/warehouse_robot_ws/install/warehouse_robot/share/warehouse_robot/urdf
[0.575s] creating /home/ayu/warehouse_robot_ws/install/warehouse_robot/share/warehouse_robot/worlds
[0.575s] copying worlds/warehouse.world -> /home/ayu/warehouse_robot_ws/install/warehouse_robot/share/warehouse_robot/worlds
[0.575s] running install_egg_info
[0.576s] Copying ../../build/warehouse_robot/warehouse_robot.egg-info to /home/ayu/warehouse_robot_ws/install/warehouse_robot/lib/python3.10/site-packages/warehouse_robot-0.1.0-py3.10.egg-info
[0.576s] running install_scripts
[0.589s] Installing obstacle_avoidance_node script to /home/ayu/warehouse_robot_ws/install/warehouse_robot/lib/warehouse_robot
[0.589s] writing list of installed files to '/home/ayu/warehouse_robot_ws/build/warehouse_robot/install.log'
[0.606s] Invoked command in '/home/ayu/warehouse_robot_ws/src/warehouse_robot' returned '0': PYTHONPATH=/home/ayu/warehouse_robot_ws/build/warehouse_robot/prefix_override:/usr/lib/python3/dist-packages/colcon_core/task/python/colcon_distutils_commands:/home/ayu/warehouse_robot_ws/install/warehouse_robot/lib/python3.10/site-packages:${PYTHONPATH} /usr/bin/python3 -W ignore:setup.py install is deprecated -W ignore:easy_install command is deprecated setup.py egg_info --egg-base ../../build/warehouse_robot build --build-base /home/ayu/warehouse_robot_ws/build/warehouse_robot/build install --record /home/ayu/warehouse_robot_ws/build/warehouse_robot/install.log --single-version-externally-managed install_data
