[0.594s] Invoking command in '/home/ayu/warehouse_robot_ws/src/warehouse_robot': PYTHONPATH=/home/ayu/warehouse_robot_ws/build/warehouse_robot/prefix_override:/usr/lib/python3/dist-packages/colcon_core/task/python/colcon_distutils_commands:/home/ayu/warehouse_robot_ws/install/warehouse_robot/lib/python3.10/site-packages:${PYTHONPATH} /usr/bin/python3 -W ignore:setup.py install is deprecated -W ignore:easy_install command is deprecated setup.py egg_info --egg-base ../../build/warehouse_robot build --build-base /home/ayu/warehouse_robot_ws/build/warehouse_robot/build install --record /home/ayu/warehouse_robot_ws/build/warehouse_robot/install.log --single-version-externally-managed install_data
[0.764s] running egg_info
[0.765s] writing ../../build/warehouse_robot/warehouse_robot.egg-info/PKG-INFO
[0.768s] writing dependency_links to ../../build/warehouse_robot/warehouse_robot.egg-info/dependency_links.txt
[0.768s] writing entry points to ../../build/warehouse_robot/warehouse_robot.egg-info/entry_points.txt
[0.768s] writing requirements to ../../build/warehouse_robot/warehouse_robot.egg-info/requires.txt
[0.768s] writing top-level names to ../../build/warehouse_robot/warehouse_robot.egg-info/top_level.txt
[0.769s] reading manifest file '../../build/warehouse_robot/warehouse_robot.egg-info/SOURCES.txt'
[0.770s] writing manifest file '../../build/warehouse_robot/warehouse_robot.egg-info/SOURCES.txt'
[0.770s] running build
[0.770s] running build_py
[0.772s] copying warehouse_robot/goal_navigation_node.py -> /home/ayu/warehouse_robot_ws/build/warehouse_robot/build/lib/warehouse_robot
[0.772s] running install
[0.772s] running install_lib
[0.773s] copying /home/ayu/warehouse_robot_ws/build/warehouse_robot/build/lib/warehouse_robot/goal_navigation_node.py -> /home/ayu/warehouse_robot_ws/install/warehouse_robot/lib/python3.10/site-packages/warehouse_robot
[0.773s] byte-compiling /home/ayu/warehouse_robot_ws/install/warehouse_robot/lib/python3.10/site-packages/warehouse_robot/goal_navigation_node.py to goal_navigation_node.cpython-310.pyc
[0.774s] running install_data
[0.775s] running install_egg_info
[0.776s] removing '/home/ayu/warehouse_robot_ws/install/warehouse_robot/lib/python3.10/site-packages/warehouse_robot-0.1.0-py3.10.egg-info' (and everything under it)
[0.776s] Copying ../../build/warehouse_robot/warehouse_robot.egg-info to /home/ayu/warehouse_robot_ws/install/warehouse_robot/lib/python3.10/site-packages/warehouse_robot-0.1.0-py3.10.egg-info
[0.777s] running install_scripts
[0.791s] Installing goal_navigation_node script to /home/ayu/warehouse_robot_ws/install/warehouse_robot/lib/warehouse_robot
[0.791s] Installing obstacle_avoidance_node script to /home/ayu/warehouse_robot_ws/install/warehouse_robot/lib/warehouse_robot
[0.791s] Installing swarm_controller_node script to /home/ayu/warehouse_robot_ws/install/warehouse_robot/lib/warehouse_robot
[0.791s] writing list of installed files to '/home/ayu/warehouse_robot_ws/build/warehouse_robot/install.log'
[0.811s] Invoked command in '/home/ayu/warehouse_robot_ws/src/warehouse_robot' returned '0': PYTHONPATH=/home/ayu/warehouse_robot_ws/build/warehouse_robot/prefix_override:/usr/lib/python3/dist-packages/colcon_core/task/python/colcon_distutils_commands:/home/ayu/warehouse_robot_ws/install/warehouse_robot/lib/python3.10/site-packages:${PYTHONPATH} /usr/bin/python3 -W ignore:setup.py install is deprecated -W ignore:easy_install command is deprecated setup.py egg_info --egg-base ../../build/warehouse_robot build --build-base /home/ayu/warehouse_robot_ws/build/warehouse_robot/build install --record /home/ayu/warehouse_robot_ws/build/warehouse_robot/install.log --single-version-externally-managed install_data
