[0.440s] Invoking command in '/home/ayu/warehouse_robot_ws/src/warehouse_robot': PYTHONPATH=/home/ayu/warehouse_robot_ws/build/warehouse_robot/prefix_override:/usr/lib/python3/dist-packages/colcon_core/task/python/colcon_distutils_commands:/home/ayu/warehouse_robot_ws/install/warehouse_robot/lib/python3.10/site-packages:${PYTHONPATH} /usr/bin/python3 -W ignore:setup.py install is deprecated -W ignore:easy_install command is deprecated setup.py egg_info --egg-base ../../build/warehouse_robot build --build-base /home/ayu/warehouse_robot_ws/build/warehouse_robot/build install --record /home/ayu/warehouse_robot_ws/build/warehouse_robot/install.log --single-version-externally-managed install_data
[0.607s] running egg_info
[0.607s] writing ../../build/warehouse_robot/warehouse_robot.egg-info/PKG-INFO
[0.607s] writing dependency_links to ../../build/warehouse_robot/warehouse_robot.egg-info/dependency_links.txt
[0.608s] writing entry points to ../../build/warehouse_robot/warehouse_robot.egg-info/entry_points.txt
[0.608s] writing requirements to ../../build/warehouse_robot/warehouse_robot.egg-info/requires.txt
[0.608s] writing top-level names to ../../build/warehouse_robot/warehouse_robot.egg-info/top_level.txt
[0.609s] reading manifest file '../../build/warehouse_robot/warehouse_robot.egg-info/SOURCES.txt'
[0.609s] writing manifest file '../../build/warehouse_robot/warehouse_robot.egg-info/SOURCES.txt'
[0.609s] running build
[0.610s] running build_py
[0.610s] running install
[0.610s] running install_lib
[0.611s] running install_data
[0.611s] running install_egg_info
[0.612s] removing '/home/ayu/warehouse_robot_ws/install/warehouse_robot/lib/python3.10/site-packages/warehouse_robot-0.1.0-py3.10.egg-info' (and everything under it)
[0.612s] Copying ../../build/warehouse_robot/warehouse_robot.egg-info to /home/ayu/warehouse_robot_ws/install/warehouse_robot/lib/python3.10/site-packages/warehouse_robot-0.1.0-py3.10.egg-info
[0.613s] running install_scripts
[0.627s] Installing obstacle_avoidance_node script to /home/ayu/warehouse_robot_ws/install/warehouse_robot/lib/warehouse_robot
[0.627s] writing list of installed files to '/home/ayu/warehouse_robot_ws/build/warehouse_robot/install.log'
[0.651s] Invoked command in '/home/ayu/warehouse_robot_ws/src/warehouse_robot' returned '0': PYTHONPATH=/home/ayu/warehouse_robot_ws/build/warehouse_robot/prefix_override:/usr/lib/python3/dist-packages/colcon_core/task/python/colcon_distutils_commands:/home/ayu/warehouse_robot_ws/install/warehouse_robot/lib/python3.10/site-packages:${PYTHONPATH} /usr/bin/python3 -W ignore:setup.py install is deprecated -W ignore:easy_install command is deprecated setup.py egg_info --egg-base ../../build/warehouse_robot build --build-base /home/ayu/warehouse_robot_ws/build/warehouse_robot/build install --record /home/ayu/warehouse_robot_ws/build/warehouse_robot/install.log --single-version-externally-managed install_data
