running egg_info
creating ../../build/warehouse_robot/warehouse_robot.egg-info
writing ../../build/warehouse_robot/warehouse_robot.egg-info/PKG-INFO
writing dependency_links to ../../build/warehouse_robot/warehouse_robot.egg-info/dependency_links.txt
writing entry points to ../../build/warehouse_robot/warehouse_robot.egg-info/entry_points.txt
writing requirements to ../../build/warehouse_robot/warehouse_robot.egg-info/requires.txt
writing top-level names to ../../build/warehouse_robot/warehouse_robot.egg-info/top_level.txt
writing manifest file '../../build/warehouse_robot/warehouse_robot.egg-info/SOURCES.txt'
reading manifest file '../../build/warehouse_robot/warehouse_robot.egg-info/SOURCES.txt'
writing manifest file '../../build/warehouse_robot/warehouse_robot.egg-info/SOURCES.txt'
running build
running build_py
creating /home/ayu/warehouse_robot_ws/build/warehouse_robot/build
creating /home/ayu/warehouse_robot_ws/build/warehouse_robot/build/lib
creating /home/ayu/warehouse_robot_ws/build/warehouse_robot/build/lib/warehouse_robot
copying warehouse_robot/warehouse_robot_node.py -> /home/ayu/warehouse_robot_ws/build/warehouse_robot/build/lib/warehouse_robot
copying warehouse_robot/__init__.py -> /home/ayu/warehouse_robot_ws/build/warehouse_robot/build/lib/warehouse_robot
copying warehouse_robot/obstacle_avoidance_node.py -> /home/ayu/warehouse_robot_ws/build/warehouse_robot/build/lib/warehouse_robot
running install
running install_lib
creating /home/ayu/warehouse_robot_ws/install/warehouse_robot/lib/python3.10/site-packages/warehouse_robot
copying /home/ayu/warehouse_robot_ws/build/warehouse_robot/build/lib/warehouse_robot/warehouse_robot_node.py -> /home/ayu/warehouse_robot_ws/install/warehouse_robot/lib/python3.10/site-packages/warehouse_robot
copying /home/ayu/warehouse_robot_ws/build/warehouse_robot/build/lib/warehouse_robot/__init__.py -> /home/ayu/warehouse_robot_ws/install/warehouse_robot/lib/python3.10/site-packages/warehouse_robot
copying /home/ayu/warehouse_robot_ws/build/warehouse_robot/build/lib/warehouse_robot/obstacle_avoidance_node.py -> /home/ayu/warehouse_robot_ws/install/warehouse_robot/lib/python3.10/site-packages/warehouse_robot
byte-compiling /home/ayu/warehouse_robot_ws/install/warehouse_robot/lib/python3.10/site-packages/warehouse_robot/warehouse_robot_node.py to warehouse_robot_node.cpython-310.pyc
byte-compiling /home/ayu/warehouse_robot_ws/install/warehouse_robot/lib/python3.10/site-packages/warehouse_robot/__init__.py to __init__.cpython-310.pyc
byte-compiling /home/ayu/warehouse_robot_ws/install/warehouse_robot/lib/python3.10/site-packages/warehouse_robot/obstacle_avoidance_node.py to obstacle_avoidance_node.cpython-310.pyc
running install_data
creating /home/ayu/warehouse_robot_ws/install/warehouse_robot/share/ament_index
creating /home/ayu/warehouse_robot_ws/install/warehouse_robot/share/ament_index/resource_index
creating /home/ayu/warehouse_robot_ws/install/warehouse_robot/share/ament_index/resource_index/packages
copying resource/warehouse_robot -> /home/ayu/warehouse_robot_ws/install/warehouse_robot/share/ament_index/resource_index/packages
copying package.xml -> /home/ayu/warehouse_robot_ws/install/warehouse_robot/share/warehouse_robot
creating /home/ayu/warehouse_robot_ws/install/warehouse_robot/share/warehouse_robot/launch
copying launch/warehouse_robot.launch.py -> /home/ayu/warehouse_robot_ws/install/warehouse_robot/share/warehouse_robot/launch
creating /home/ayu/warehouse_robot_ws/install/warehouse_robot/share/warehouse_robot/urdf
copying urdf/warehouse_robot.urdf.xacro -> /home/ayu/warehouse_robot_ws/install/warehouse_robot/share/warehouse_robot/urdf
creating /home/ayu/warehouse_robot_ws/install/warehouse_robot/share/warehouse_robot/worlds
copying worlds/warehouse.world -> /home/ayu/warehouse_robot_ws/install/warehouse_robot/share/warehouse_robot/worlds
running install_egg_info
Copying ../../build/warehouse_robot/warehouse_robot.egg-info to /home/ayu/warehouse_robot_ws/install/warehouse_robot/lib/python3.10/site-packages/warehouse_robot-0.1.0-py3.10.egg-info
running install_scripts
Installing obstacle_avoidance_node script to /home/ayu/warehouse_robot_ws/install/warehouse_robot/lib/warehouse_robot
writing list of installed files to '/home/ayu/warehouse_robot_ws/build/warehouse_robot/install.log'
